app/proguard-project.txt
-dontusemixedcaseclassnames
-dontskipnonpubliclibraryclasses
-verbose

-printseeds seeds.txt
-printusage unused.txt
-printmapping mapping.txt