app/mapping.txt
com.xavey.android.AboutFragment -> com.xavey.android.a:
    java.lang.String about_text -> a
    java.lang.String version_name -> b
    java.lang.String version_code -> c
    android.view.View onCreateView(android.view.LayoutInflater,android.view.ViewGroup,android.os.Bundle) -> onCreateView
com.xavey.android.ApplicationValues -> com.xavey.android.b:
    int numberOfForm -> a
    java.util.ArrayList userFormList -> b
    com.xavey.android.model.User loginUser -> c
    java.lang.String documentName -> d
    int REQUEST_DRAWING -> e
    int REQUEST_CAMERA -> f
    int SELECT_FILE -> g
    java.lang.String FIELD_NAME_TMP -> h
    java.lang.String FIELD_TYPE_TMP -> i
    java.lang.String FIELD_HELP_TMP -> j
    java.lang.String VIEW_ID_TMP -> k
    java.lang.String IMAGE_PATH_TMP -> l
    java.lang.String PHOTO_NAME_TMP -> m
    android.content.Context appContext -> n
    android.app.Activity mainActivity -> o
    java.io.File XAVEY_DIRECTORY -> p
    com.xavey.android.model.FONT CURRENT_FONT -> q
    boolean IS_RECORDING_NOW -> r
    java.lang.String UNIQUE_DEVICE_ID -> s
    com.xavey.android.ApplicationValues$LOGIN_TYPE CURRENT_LOGIN_MODE -> t
    com.xavey.android.model.SYNC CURRENT_SYNC -> u
com.xavey.android.ApplicationValues$LOGIN_TYPE -> com.xavey.android.c:
    com.xavey.android.ApplicationValues$LOGIN_TYPE DEMO_LOGIN -> a
    com.xavey.android.ApplicationValues$LOGIN_TYPE REGULAR_LOGIN -> b
    com.xavey.android.ApplicationValues$LOGIN_TYPE[] $VALUES -> c
    com.xavey.android.ApplicationValues$LOGIN_TYPE[] values() -> values
    com.xavey.android.ApplicationValues$LOGIN_TYPE valueOf(java.lang.String) -> valueOf
com.xavey.android.DocumentInputActivity -> com.xavey.android.DocumentInputActivity:
    android.widget.LinearLayout lL -> a
    android.widget.ScrollView scrollView -> b
    com.xavey.android.util.JSONReader jsonReader -> c
    android.widget.Button btnSubmit -> d
    android.widget.EditText documentName -> e
    android.widget.TextView errorMsg -> f
    android.content.Intent intent -> g
    com.xavey.android.db.XaveyDBHelper dbHelper -> h
    android.util.DisplayMetrics dm -> i
    int screenWidth -> j
    int screenHeight -> k
    com.xavey.android.util.JSONWriter jsonWriter -> l
    java.lang.Boolean isInternetAvailable -> m
    com.xavey.android.util.ConnectionDetector connectionDetector -> n
    com.xavey.android.model.Form currentForm -> o
    java.util.ArrayList formFieldsList -> p
    java.util.ArrayList formRefList -> q
    boolean isAllRequiredFieldFilled -> r
    java.util.ArrayList imagesToSubmit -> s
    com.xavey.android.util.TypeFaceManager typeface -> t
    void onCreate(android.os.Bundle) -> onCreate
    boolean getFieldRequired(java.lang.String) -> a
    java.util.HashMap getValuesFromLayout(android.widget.LinearLayout) -> a
    boolean onOptionsItemSelected(android.view.MenuItem) -> onOptionsItemSelected
    void loadUI() -> a
    void getScreenInfo() -> b
    java.lang.String getCurrentDate() -> c
    void onActivityResult(int,int,android.content.Intent) -> onActivityResult
com.xavey.android.DocumentInputActivity$1 -> com.xavey.android.d:
    com.xavey.android.DocumentInputActivity this$0 -> a
    void onClick(android.view.View) -> onClick
com.xavey.android.DrawerItem -> com.xavey.android.e:
    int ImageId -> a
    java.lang.String ItemName -> b
    int getImageId() -> a
    java.lang.String getItemName() -> b
...
android.support.v4.app.FragmentTabHost$TabInfo -> android.support.v4.app.ah:
    java.lang.String tag -> a
    java.lang.Class clss -> b
    android.os.Bundle args -> c
    android.support.v4.app.Fragment fragment -> d
    android.support.v4.app.Fragment access$102(android.support.v4.app.FragmentTabHost$TabInfo,android.support.v4.app.Fragment) -> a
    android.support.v4.app.Fragment access$100(android.support.v4.app.FragmentTabHost$TabInfo) -> a
    java.lang.String access$200(android.support.v4.app.FragmentTabHost$TabInfo) -> b
    java.lang.Class access$300(android.support.v4.app.FragmentTabHost$TabInfo) -> c
    android.os.Bundle access$400(android.support.v4.app.FragmentTabHost$TabInfo) -> d
android.support.v4.app.FragmentTransaction -> android.support.v4.app.ai:
    android.support.v4.app.FragmentTransaction add(int,android.support.v4.app.Fragment) -> a
    android.support.v4.app.FragmentTransaction add(int,android.support.v4.app.Fragment,java.lang.String) -> a
    android.support.v4.app.FragmentTransaction remove(android.support.v4.app.Fragment) -> a
    android.support.v4.app.FragmentTransaction detach(android.support.v4.app.Fragment) -> b
    android.support.v4.app.FragmentTransaction attach(android.support.v4.app.Fragment) -> c
    int commit() -> a
    int commitAllowingStateLoss() -> b
android.support.v4.app.LoaderManager -> android.support.v4.app.aj:
    boolean hasRunningLoaders() -> a
android.support.v4.app.LoaderManager$LoaderCallbacks -> android.support.v4.app.ak:
    android.support.v4.content.Loader onCreateLoader(int,android.os.Bundle) -> a
    void onLoadFinished(android.support.v4.content.Loader,java.lang.Object) -> a
    void onLoaderReset(android.support.v4.content.Loader) -> a
android.support.v4.app.LoaderManagerImpl -> android.support.v4.app.al:
    boolean DEBUG -> a
    android.support.v4.util.SparseArrayCompat mLoaders -> b
    android.support.v4.util.SparseArrayCompat mInactiveLoaders -> c
    java.lang.String mWho -> d
    android.support.v4.app.FragmentActivity mActivity -> e
    boolean mStarted -> f
    boolean mRetaining -> g
    void updateActivity(android.support.v4.app.FragmentActivity) -> a
    void doStart() -> b
    void doStop() -> c
    void doRetain() -> d
    void finishRetain() -> e
    void doReportNextStart() -> f
    void doReportStart() -> g
    void doDestroy() -> h
    java.lang.String toString() -> toString
    void dump(java.lang.String,java.io.FileDescriptor,java.io.PrintWriter,java.lang.String[]) -> a
    boolean hasRunningLoaders() -> a
android.support.v4.app.LoaderManagerImpl$LoaderInfo -> android.support.v4.app.am:
    int mId -> a
    android.os.Bundle mArgs -> b
    android.support.v4.app.LoaderManager$LoaderCallbacks mCallbacks -> c
    android.support.v4.content.Loader mLoader -> d
    boolean mHaveData -> e
    boolean mDeliveredData -> f
    java.lang.Object mData -> g
    boolean mStarted -> h
    boolean mRetaining -> i
    boolean mRetainingStarted -> j
    boolean mReportNextStart -> k
    boolean mDestroyed -> l
    boolean mListenerRegistered -> m
    android.support.v4.app.LoaderManagerImpl$LoaderInfo mPendingLoader -> n
    android.support.v4.app.LoaderManagerImpl this$0 -> o
    void start() -> a
    void retain() -> b
    void finishRetain() -> c
    void reportStart() -> d
    void stop() -> e
    void destroy() -> f
    void callOnLoadFinished(android.support.v4.content.Loader,java.lang.Object) -> a
    java.lang.String toString() -> toString
    void dump(java.lang.String,java.io.FileDescriptor,java.io.PrintWriter,java.lang.String[]) -> a
android.support.v4.app.NoSaveStateFrameLayout -> android.support.v4.app.an:
    android.view.ViewGroup wrap(android.view.View) -> a
    void dispatchSaveInstanceState(android.util.SparseArray) -> dispatchSaveInstanceState
    void dispatchRestoreInstanceState(android.util.SparseArray) -> dispatchRestoreInstanceState