app/unused.txt
com.xavey.android.AboutFragment:
    54:68:private void loadProperties()
com.xavey.android.ApplicationValues:
    public static final java.lang.String preferenceKey
    public static final java.lang.String prefSyncKey
    public static final java.lang.String prefSyncOffKey
    public static final java.lang.String prefSyncOnKey
    public static final java.lang.String prefFontKey
    public static final java.lang.String prefFontDefaultKey
    public static final java.lang.String prefFontZawgyiKey
    public static final java.lang.String prefFontMyanmarKey
    15:56:public ApplicationValues()
com.xavey.android.BuildConfig
com.xavey.android.CSVExportFragment
com.xavey.android.CSVExportFragment$1
com.xavey.android.CustomViewPager
com.xavey.android.DocumentInputActivity:
    java.lang.String formName
com.xavey.android.DrawerItem:
    19:20:public void setImageId(int)
    27:28:public void setItemName(java.lang.String)
com.xavey.android.HomeFragment:
    public static final java.lang.String ITEM_NAME
com.xavey.android.LoginActivity:
    572:588:private byte[] getLogoImage(java.lang.String)
com.xavey.android.LoginActivity$AuthenticateTask:
    340:345:private boolean isNumberInvolved(java.lang.String,java.lang.String)
com.xavey.android.LoginActivity$LoginAsynTask:
    com.xavey.android.util.XaveyProperties xavey_properties
com.xavey.android.OneQuestionOneView:
    com.xavey.android.util.TypeFaceManager typeface
    1098:1105:private int findIndexByFieldID(int)
    3112:3115:private void previous(int)
    3940:3949:private boolean isSelectedAnyCheckBox(android.widget.LinearLayout)
com.xavey.android.OneQuestionOneView$1:
    java.lang.String fieldRequired
    java.lang.String layoutID
com.xavey.android.QuestionFragment:
    54:54:public int getField_id()
com.xavey.android.R
com.xavey.android.R$attr
com.xavey.android.R$color
com.xavey.android.R$dimen
com.xavey.android.R$drawable
com.xavey.android.R$id
com.xavey.android.R$layout
com.xavey.android.R$menu
com.xavey.android.R$string
com.xavey.android.R$style
com.xavey.android.R$xml
com.xavey.android.SettingFragment:
    public static final java.lang.String ITEM_NAME
com.xavey.android.ShowDocumentDetailActivity:
    android.widget.LinearLayout lL
    android.content.Intent intent
    java.lang.String form_id
    java.lang.String form_name
    java.lang.String form_title
    java.util.ArrayList formFieldsList
com.xavey.android.ShowDocumentDetailActivity$JSONSubmitTask
com.xavey.android.adapter.FormAdapter:
    android.content.Intent i
    64:64:public com.xavey.android.model.Form getSelectedForm(int)
com.xavey.android.adapter.NumberSetAdapter:
    44:44:public java.util.ArrayList getData()
    79:79:public void setView(int,int)
com.xavey.android.adapter.RatingSetAdapter:
    44:45:public void setData(java.util.ArrayList)
com.xavey.android.adapter.SmartFragmentStatePagerAdapter:
    37:37:public android.support.v4.app.Fragment getRegisteredFragment(int)
com.xavey.android.adapter.SyncAdapter:
    26:29:public SyncAdapter(android.content.Context,boolean,boolean)
com.xavey.android.adapter.TextSetAdapter:
    42:42:public java.util.ArrayList getData()
...
android.support.v4.content.IntentCompat$IntentCompatImpl
android.support.v4.content.IntentCompat$IntentCompatImplBase
android.support.v4.content.IntentCompat$IntentCompatImplHC
android.support.v4.content.IntentCompat$IntentCompatImplIcsMr1
android.support.v4.content.IntentCompatHoneycomb
android.support.v4.content.IntentCompatIcsMr1
android.support.v4.content.Loader:
    android.content.Context mContext
    38:93:public Loader(android.content.Context)
    103:106:public void deliverResult(java.lang.Object)
    112:112:public android.content.Context getContext()
    119:119:public int getId()
    158:158:public boolean isStarted()
    167:167:public boolean isAbandoned()
    176:176:public boolean isReset()
    218:219:public void forceLoad()
    226:226:protected void onForceLoad()
    262:264:public void abandon()
    276:276:protected void onAbandon()
    314:317:public boolean takeContentChanged()
    328:329:public void commitContentChanged()
    339:342:public void rollbackContentChanged()
    353:361:public void onContentChanged()
android.support.v4.content.Loader$ForceLoadContentObserver
android.support.v4.content.Loader$OnLoadCompleteListener:
    public abstract void onLoadComplete(android.support.v4.content.Loader,java.lang.Object)
android.support.v4.content.LocalBroadcastManager
android.support.v4.content.LocalBroadcastManager$1
android.support.v4.content.LocalBroadcastManager$BroadcastRecord
android.support.v4.content.LocalBroadcastManager$ReceiverRecord
android.support.v4.content.ModernAsyncTask
android.support.v4.content.ModernAsyncTask$1
android.support.v4.content.ModernAsyncTask$2
android.support.v4.content.ModernAsyncTask$3
android.support.v4.content.ModernAsyncTask$4
android.support.v4.content.ModernAsyncTask$AsyncTaskResult
android.support.v4.content.ModernAsyncTask$InternalHandler
android.support.v4.content.ModernAsyncTask$Status
android.support.v4.content.ModernAsyncTask$WorkerRunnable
android.support.v4.content.WakefulBroadcastReceiver
android.support.v4.content.pm.ActivityInfoCompat
android.support.v4.database.DatabaseUtilsCompat
android.support.v4.graphics.drawable.DrawableCompat:
    25:66:public DrawableCompat()
    102:103:public static void jumpToCurrentState(android.graphics.drawable.Drawable)
android.support.v4.graphics.drawable.DrawableCompat$BaseDrawableImpl:
    41:41:public void jumpToCurrentState(android.graphics.drawable.Drawable)
android.support.v4.graphics.drawable.DrawableCompat$DrawableImpl:
    public abstract void jumpToCurrentState(android.graphics.drawable.Drawable)
android.support.v4.graphics.drawable.DrawableCompat$HoneycombDrawableImpl:
    59:60:public void jumpToCurrentState(android.graphics.drawable.Drawable)
android.support.v4.graphics.drawable.DrawableCompatHoneycomb
android.support.v4.graphics.drawable.DrawableCompatKitKat:
    24:24:DrawableCompatKitKat()
android.support.v4.hardware.display.DisplayManagerCompat
android.support.v4.hardware.display.DisplayManagerCompat$JellybeanMr1Impl
android.support.v4.hardware.display.DisplayManagerCompat$LegacyImpl
android.support.v4.hardware.display.DisplayManagerJellybeanMr1
android.support.v4.internal.view.SupportMenu
android.support.v4.internal.view.SupportMenuItem
android.support.v4.internal.view.SupportSubMenu
android.support.v4.media.TransportController
android.support.v4.media.TransportMediator
android.support.v4.media.TransportMediator$1
android.support.v4.media.TransportMediator$2
android.support.v4.media.TransportMediatorCallback
android.support.v4.media.TransportMediatorJellybeanMR2
android.support.v4.media.TransportMediatorJellybeanMR2$1
android.support.v4.media.TransportMediatorJellybeanMR2$2
android.support.v4.media.TransportMediatorJellybeanMR2$3
android.support.v4.media.TransportMediatorJellybeanMR2$4
android.support.v4.media.TransportPerformer
android.support.v4.media.TransportStateListener
android.support.v4.net.ConnectivityManagerCompat